[2020-10-07 00:42:42.280] [exthost] [info] extension host started
[2020-10-07 00:42:42.649] [exthost] [info] ExtensionService#_doActivateExtension vscode.microsoft-authentication {"startup":false,"extensionId":{"value":"vscode.microsoft-authentication","_lower":"vscode.microsoft-authentication"},"activationEvent":"onAuthenticationRequest:microsoft"}
[2020-10-07 00:42:42.650] [exthost] [info] ExtensionService#loadCommonJSModule file:///snap/code/46/usr/share/code/resources/app/extensions/microsoft-authentication/dist/extension.js
[2020-10-07 00:42:42.721] [exthost] [info] ExtensionService#_doActivateExtension vscode.github-authentication {"startup":false,"extensionId":{"value":"vscode.github-authentication","_lower":"vscode.github-authentication"},"activationEvent":"onAuthenticationRequest:github"}
[2020-10-07 00:42:42.732] [exthost] [info] ExtensionService#loadCommonJSModule file:///snap/code/46/usr/share/code/resources/app/extensions/github-authentication/dist/extension.js
[2020-10-07 00:42:42.754] [exthost] [info] ExtensionService#_doActivateExtension vscode.debug-auto-launch {"startup":true,"extensionId":{"value":"vscode.debug-auto-launch","_lower":"vscode.debug-auto-launch"},"activationEvent":"*"}
[2020-10-07 00:42:42.754] [exthost] [info] ExtensionService#loadCommonJSModule file:///snap/code/46/usr/share/code/resources/app/extensions/debug-auto-launch/dist/extension
[2020-10-07 00:42:42.759] [exthost] [info] ExtensionService#_doActivateExtension vscode.emmet {"startup":true,"extensionId":{"value":"vscode.emmet","_lower":"vscode.emmet"},"activationEvent":"*"}
[2020-10-07 00:42:42.759] [exthost] [info] ExtensionService#loadCommonJSModule file:///snap/code/46/usr/share/code/resources/app/extensions/emmet/dist/node/emmetNodeMain
[2020-10-07 00:42:42.797] [exthost] [info] ExtensionService#_doActivateExtension vscode.git {"startup":true,"extensionId":{"value":"vscode.github","_lower":"vscode.github"},"activationEvent":"*"}
[2020-10-07 00:42:42.797] [exthost] [info] ExtensionService#loadCommonJSModule file:///snap/code/46/usr/share/code/resources/app/extensions/git/dist/main
[2020-10-07 00:42:42.873] [exthost] [info] ExtensionService#_doActivateExtension vscode.merge-conflict {"startup":true,"extensionId":{"value":"vscode.merge-conflict","_lower":"vscode.merge-conflict"},"activationEvent":"*"}
[2020-10-07 00:42:42.874] [exthost] [info] ExtensionService#loadCommonJSModule file:///snap/code/46/usr/share/code/resources/app/extensions/merge-conflict/dist/mergeConflictMain
[2020-10-07 00:42:42.879] [exthost] [info] ExtensionService#_doActivateExtension vscode.search-result {"startup":true,"extensionId":{"value":"vscode.search-result","_lower":"vscode.search-result"},"activationEvent":"*"}
[2020-10-07 00:42:42.879] [exthost] [info] ExtensionService#loadCommonJSModule file:///snap/code/46/usr/share/code/resources/app/extensions/search-result/dist/extension.js
[2020-10-07 00:42:42.980] [exthost] [info] ExtensionService#_doActivateExtension vscode.github {"startup":true,"extensionId":{"value":"vscode.github","_lower":"vscode.github"},"activationEvent":"*"}
[2020-10-07 00:42:42.980] [exthost] [info] ExtensionService#loadCommonJSModule file:///snap/code/46/usr/share/code/resources/app/extensions/github/dist/extension.js
[2020-10-07 00:42:43.031] [exthost] [info] eager extensions activated
[2020-10-07 00:42:58.449] [exthost] [info] extension host started
[2020-10-07 00:42:58.510] [exthost] [info] ExtensionService#_doActivateExtension vscode.microsoft-authentication {"startup":false,"extensionId":{"value":"vscode.microsoft-authentication","_lower":"vscode.microsoft-authentication"},"activationEvent":"onAuthenticationRequest:microsoft"}
[2020-10-07 00:42:58.510] [exthost] [info] ExtensionService#loadCommonJSModule file:///snap/code/46/usr/share/code/resources/app/extensions/microsoft-authentication/dist/extension.js
[2020-10-07 00:42:58.534] [exthost] [info] ExtensionService#_doActivateExtension vscode.github-authentication {"startup":false,"extensionId":{"value":"vscode.github-authentication","_lower":"vscode.github-authentication"},"activationEvent":"onAuthenticationRequest:github"}
[2020-10-07 00:42:58.534] [exthost] [info] ExtensionService#loadCommonJSModule file:///snap/code/46/usr/share/code/resources/app/extensions/github-authentication/dist/extension.js
[2020-10-07 00:42:58.544] [exthost] [info] ExtensionService#_doActivateExtension vscode.debug-auto-launch {"startup":true,"extensionId":{"value":"vscode.debug-auto-launch","_lower":"vscode.debug-auto-launch"},"activationEvent":"*"}
[2020-10-07 00:42:58.544] [exthost] [info] ExtensionService#loadCommonJSModule file:///snap/code/46/usr/share/code/resources/app/extensions/debug-auto-launch/dist/extension
[2020-10-07 00:42:58.547] [exthost] [info] ExtensionService#_doActivateExtension vscode.emmet {"startup":true,"extensionId":{"value":"vscode.emmet","_lower":"vscode.emmet"},"activationEvent":"*"}
[2020-10-07 00:42:58.547] [exthost] [info] ExtensionService#loadCommonJSModule file:///snap/code/46/usr/share/code/resources/app/extensions/emmet/dist/node/emmetNodeMain
[2020-10-07 00:42:58.566] [exthost] [info] ExtensionService#_doActivateExtension vscode.git {"startup":true,"extensionId":{"value":"vscode.github","_lower":"vscode.github"},"activationEvent":"*"}
[2020-10-07 00:42:58.566] [exthost] [info] ExtensionService#loadCommonJSModule file:///snap/code/46/usr/share/code/resources/app/extensions/git/dist/main
[2020-10-07 00:42:58.590] [exthost] [info] ExtensionService#_doActivateExtension vscode.merge-conflict {"startup":true,"extensionId":{"value":"vscode.merge-conflict","_lower":"vscode.merge-conflict"},"activationEvent":"*"}
[2020-10-07 00:42:58.591] [exthost] [info] ExtensionService#loadCommonJSModule file:///snap/code/46/usr/share/code/resources/app/extensions/merge-conflict/dist/mergeConflictMain
[2020-10-07 00:42:58.594] [exthost] [info] ExtensionService#_doActivateExtension vscode.search-result {"startup":true,"extensionId":{"value":"vscode.search-result","_lower":"vscode.search-result"},"activationEvent":"*"}
[2020-10-07 00:42:58.594] [exthost] [info] ExtensionService#loadCommonJSModule file:///snap/code/46/usr/share/code/resources/app/extensions/search-result/dist/extension.js
[2020-10-07 00:42:58.600] [exthost] [info] ExtensionService#_doActivateExtension vscode.npm {"startup":true,"extensionId":{"value":"vscode.npm","_lower":"vscode.npm"},"activationEvent":"workspaceContains:package.json"}
[2020-10-07 00:42:58.600] [exthost] [info] ExtensionService#loadCommonJSModule file:///snap/code/46/usr/share/code/resources/app/extensions/npm/dist/npmMain
[2020-10-07 00:42:58.620] [exthost] [info] ExtensionService#_doActivateExtension ms-vscode.js-debug {"startup":true,"extensionId":{"value":"msjsdiag.vscode-react-native","_lower":"msjsdiag.vscode-react-native"},"activationEvent":"workspaceContains:node_modules/react-native"}
[2020-10-07 00:42:58.621] [exthost] [info] ExtensionService#loadCommonJSModule file:///snap/code/46/usr/share/code/resources/app/extensions/ms-vscode.js-debug/src/extension.js
[2020-10-07 00:42:59.417] [exthost] [info] ExtensionService#_doActivateExtension msjsdiag.vscode-react-native {"startup":true,"extensionId":{"value":"msjsdiag.vscode-react-native","_lower":"msjsdiag.vscode-react-native"},"activationEvent":"workspaceContains:node_modules/react-native"}
[2020-10-07 00:42:59.417] [exthost] [info] ExtensionService#loadCommonJSModule file:///home/manpreetsinghgugga/.vscode/extensions/msjsdiag.vscode-react-native-1.0.1/dist/rn-extension
[2020-10-07 00:42:59.592] [exthost] [info] ExtensionService#_doActivateExtension vscode.github {"startup":true,"extensionId":{"value":"vscode.github","_lower":"vscode.github"},"activationEvent":"*"}
[2020-10-07 00:42:59.592] [exthost] [info] ExtensionService#loadCommonJSModule file:///snap/code/46/usr/share/code/resources/app/extensions/github/dist/extension.js
[2020-10-07 00:42:59.868] [exthost] [info] eager extensions activated
[2020-10-07 00:43:18.312] [exthost] [info] ExtensionService#_doActivateExtension vscode.typescript-language-features {"startup":false,"extensionId":{"value":"vscode.typescript-language-features","_lower":"vscode.typescript-language-features"},"activationEvent":"onLanguage:javascript"}
[2020-10-07 00:43:18.312] [exthost] [info] ExtensionService#loadCommonJSModule file:///snap/code/46/usr/share/code/resources/app/extensions/typescript-language-features/dist/extension
[2020-10-07 00:43:18.371] [exthost] [info] ExtensionService#_doActivateExtension VisualStudioExptTeam.vscodeintellicode {"startup":false,"extensionId":{"value":"VisualStudioExptTeam.vscodeintellicode","_lower":"visualstudioexptteam.vscodeintellicode"},"activationEvent":"onLanguage:javascript"}
[2020-10-07 00:43:18.373] [exthost] [info] ExtensionService#loadCommonJSModule file:///home/manpreetsinghgugga/.vscode/extensions/visualstudioexptteam.vscodeintellicode-1.2.10/dist/intellicode
[2020-10-07 00:43:19.565] [exthost] [info] ExtensionService#_doActivateExtension vscode.configuration-editing {"startup":false,"extensionId":{"value":"vscode.configuration-editing","_lower":"vscode.configuration-editing"},"activationEvent":"onLanguage:jsonc"}
[2020-10-07 00:43:19.565] [exthost] [info] ExtensionService#loadCommonJSModule file:///snap/code/46/usr/share/code/resources/app/extensions/configuration-editing/dist/configurationEditingMain
[2020-10-07 00:43:19.574] [exthost] [info] ExtensionService#_doActivateExtension vscode.json-language-features {"startup":false,"extensionId":{"value":"vscode.json-language-features","_lower":"vscode.json-language-features"},"activationEvent":"onLanguage:jsonc"}
[2020-10-07 00:43:19.574] [exthost] [info] ExtensionService#loadCommonJSModule file:///snap/code/46/usr/share/code/resources/app/extensions/json-language-features/client/dist/node/jsonClientMain
[2020-10-07 00:43:23.558] [exthost] [info] ExtensionService#_doActivateExtension vscode.extension-editing {"startup":false,"extensionId":{"value":"vscode.extension-editing","_lower":"vscode.extension-editing"},"activationEvent":"onLanguage:typescript"}
[2020-10-07 00:43:23.558] [exthost] [info] ExtensionService#loadCommonJSModule file:///snap/code/46/usr/share/code/resources/app/extensions/extension-editing/dist/extensionEditingMain
[2020-10-07 00:52:37.641] [exthost] [error] [vscode.typescript-language-features] provider FAILED
[2020-10-07 00:52:37.644] [exthost] [error] Error: <semantic> TypeScript Server Error (4.0.2)
Debug Failure.
Error: Debug Failure.
    at getExportEqualsLocalSymbol (/snap/code/46/usr/share/code/resources/app/extensions/node_modules/typescript/lib/tsserver.js:118402:33)
    at getImport (/snap/code/46/usr/share/code/resources/app/extensions/node_modules/typescript/lib/tsserver.js:118373:38)
    at Object.getImportOrExportSymbol (/snap/code/46/usr/share/code/resources/app/extensions/node_modules/typescript/lib/tsserver.js:118286:68)
    at getImportOrExportReferences (/snap/code/46/usr/share/code/resources/app/extensions/node_modules/typescript/lib/tsserver.js:119801:56)
    at getReferencesAtLocation (/snap/code/46/usr/share/code/resources/app/extensions/node_modules/typescript/lib/tsserver.js:119731:17)
    at getReferencesInContainer (/snap/code/46/usr/share/code/resources/app/extensions/node_modules/typescript/lib/tsserver.js:119675:21)
    at getReferencesInContainerOrFiles (/snap/code/46/usr/share/code/resources/app/extensions/node_modules/typescript/lib/tsserver.js:119229:21)
    at getReferencedSymbolsForSymbol (/snap/code/46/usr/share/code/resources/app/extensions/node_modules/typescript/lib/tsserver.js:119220:21)
    at Object.getReferencedSymbolsForNode (/snap/code/46/usr/share/code/resources/app/extensions/node_modules/typescript/lib/tsserver.js:119017:34)
    at Object.getReferenceEntriesForNode (/snap/code/46/usr/share/code/resources/app/extensions/node_modules/typescript/lib/tsserver.js:118720:40)
    at getSemanticDocumentHighlights (/snap/code/46/usr/share/code/resources/app/extensions/node_modules/typescript/lib/tsserver.js:117358:57)
    at Object.getDocumentHighlights (/snap/code/46/usr/share/code/resources/app/extensions/node_modules/typescript/lib/tsserver.js:117346:20)
    at Proxy.getDocumentHighlights (/snap/code/46/usr/share/code/resources/app/extensions/node_modules/typescript/lib/tsserver.js:143578:42)
    at IOSession.Session.getDocumentHighlights (/snap/code/46/usr/share/code/resources/app/extensions/node_modules/typescript/lib/tsserver.js:153981:71)
    at Session.handlers.ts.Map.ts.getEntries._a.<computed> (/snap/code/46/usr/share/code/resources/app/extensions/node_modules/typescript/lib/tsserver.js:153311:61)
    at /snap/code/46/usr/share/code/resources/app/extensions/node_modules/typescript/lib/tsserver.js:154953:88
    at IOSession.Session.executeWithRequestId (/snap/code/46/usr/share/code/resources/app/extensions/node_modules/typescript/lib/tsserver.js:154944:28)
    at IOSession.Session.executeCommand (/snap/code/46/usr/share/code/resources/app/extensions/node_modules/typescript/lib/tsserver.js:154953:33)
    at IOSession.Session.onMessage (/snap/code/46/usr/share/code/resources/app/extensions/node_modules/typescript/lib/tsserver.js:154977:35)
    at Interface.<anonymous> (/snap/code/46/usr/share/code/resources/app/extensions/node_modules/typescript/lib/tsserver.js:157193:27)
    at Interface.emit (events.js:223:5)
    at Interface._onLine (readline.js:315:10)
    at Interface._normalWrite (readline.js:460:12)
    at Socket.ondata (readline.js:172:10)
    at Socket.emit (events.js:223:5)
    at addChunk (_stream_readable.js:309:12)
    at readableAddChunk (_stream_readable.js:290:11)
    at Socket.Readable.push (_stream_readable.js:224:10)
    at Pipe.onStreamRead (internal/stream_base_commons.js:181:23)
	at Function.create (/snap/code/46/usr/share/code/resources/app/extensions/typescript-language-features/dist/extension.js:1:76465)
	at h.dispatchResponse (/snap/code/46/usr/share/code/resources/app/extensions/typescript-language-features/dist/extension.js:1:70340)
	at h.dispatchMessage (/snap/code/46/usr/share/code/resources/app/extensions/typescript-language-features/dist/extension.js:1:69199)
	at /snap/code/46/usr/share/code/resources/app/extensions/typescript-language-features/dist/extension.js:1:68709
	at l.fire (/snap/code/46/usr/share/code/resources/app/out/vs/workbench/services/extensions/node/extensionHostProcess.js:46:475)
	at g.onLengthData (/snap/code/46/usr/share/code/resources/app/extensions/typescript-language-features/dist/extension.js:45:60018)
	at Socket.<anonymous> (/snap/code/46/usr/share/code/resources/app/extensions/typescript-language-features/dist/extension.js:45:59666)
	at Socket.emit (events.js:223:5)
	at addChunk (_stream_readable.js:309:12)
	at readableAddChunk (_stream_readable.js:290:11)
	at Socket.Readable.push (_stream_readable.js:224:10)
	at Pipe.onStreamRead (internal/stream_base_commons.js:181:23)
[2020-10-07 01:13:19.700] [exthost] [error] [vscode.typescript-language-features] provider FAILED
[2020-10-07 01:13:19.702] [exthost] [error] Error: <semantic> TypeScript Server Error (4.0.2)
Debug Failure.
Error: Debug Failure.
    at getExportEqualsLocalSymbol (/snap/code/46/usr/share/code/resources/app/extensions/node_modules/typescript/lib/tsserver.js:118402:33)
    at getImport (/snap/code/46/usr/share/code/resources/app/extensions/node_modules/typescript/lib/tsserver.js:118373:38)
    at Object.getImportOrExportSymbol (/snap/code/46/usr/share/code/resources/app/extensions/node_modules/typescript/lib/tsserver.js:118286:68)
    at getImportOrExportReferences (/snap/code/46/usr/share/code/resources/app/extensions/node_modules/typescript/lib/tsserver.js:119801:56)
    at getReferencesAtLocation (/snap/code/46/usr/share/code/resources/app/extensions/node_modules/typescript/lib/tsserver.js:119731:17)
    at getReferencesInContainer (/snap/code/46/usr/share/code/resources/app/extensions/node_modules/typescript/lib/tsserver.js:119675:21)
    at getReferencesInContainerOrFiles (/snap/code/46/usr/share/code/resources/app/extensions/node_modules/typescript/lib/tsserver.js:119229:21)
    at getReferencedSymbolsForSymbol (/snap/code/46/usr/share/code/resources/app/extensions/node_modules/typescript/lib/tsserver.js:119220:21)
    at Object.getReferencedSymbolsForNode (/snap/code/46/usr/share/code/resources/app/extensions/node_modules/typescript/lib/tsserver.js:119017:34)
    at Object.getReferenceEntriesForNode (/snap/code/46/usr/share/code/resources/app/extensions/node_modules/typescript/lib/tsserver.js:118720:40)
    at getSemanticDocumentHighlights (/snap/code/46/usr/share/code/resources/app/extensions/node_modules/typescript/lib/tsserver.js:117358:57)
    at Object.getDocumentHighlights (/snap/code/46/usr/share/code/resources/app/extensions/node_modules/typescript/lib/tsserver.js:117346:20)
    at Proxy.getDocumentHighlights (/snap/code/46/usr/share/code/resources/app/extensions/node_modules/typescript/lib/tsserver.js:143578:42)
    at IOSession.Session.getDocumentHighlights (/snap/code/46/usr/share/code/resources/app/extensions/node_modules/typescript/lib/tsserver.js:153981:71)
    at Session.handlers.ts.Map.ts.getEntries._a.<computed> (/snap/code/46/usr/share/code/resources/app/extensions/node_modules/typescript/lib/tsserver.js:153311:61)
    at /snap/code/46/usr/share/code/resources/app/extensions/node_modules/typescript/lib/tsserver.js:154953:88
    at IOSession.Session.executeWithRequestId (/snap/code/46/usr/share/code/resources/app/extensions/node_modules/typescript/lib/tsserver.js:154944:28)
    at IOSession.Session.executeCommand (/snap/code/46/usr/share/code/resources/app/extensions/node_modules/typescript/lib/tsserver.js:154953:33)
    at IOSession.Session.onMessage (/snap/code/46/usr/share/code/resources/app/extensions/node_modules/typescript/lib/tsserver.js:154977:35)
    at Interface.<anonymous> (/snap/code/46/usr/share/code/resources/app/extensions/node_modules/typescript/lib/tsserver.js:157193:27)
    at Interface.emit (events.js:223:5)
    at Interface._onLine (readline.js:315:10)
    at Interface._normalWrite (readline.js:460:12)
    at Socket.ondata (readline.js:172:10)
    at Socket.emit (events.js:223:5)
    at addChunk (_stream_readable.js:309:12)
    at readableAddChunk (_stream_readable.js:290:11)
    at Socket.Readable.push (_stream_readable.js:224:10)
    at Pipe.onStreamRead (internal/stream_base_commons.js:181:23)
	at Function.create (/snap/code/46/usr/share/code/resources/app/extensions/typescript-language-features/dist/extension.js:1:76465)
	at h.dispatchResponse (/snap/code/46/usr/share/code/resources/app/extensions/typescript-language-features/dist/extension.js:1:70340)
	at h.dispatchMessage (/snap/code/46/usr/share/code/resources/app/extensions/typescript-language-features/dist/extension.js:1:69199)
	at /snap/code/46/usr/share/code/resources/app/extensions/typescript-language-features/dist/extension.js:1:68709
	at l.fire (/snap/code/46/usr/share/code/resources/app/out/vs/workbench/services/extensions/node/extensionHostProcess.js:46:475)
	at g.onLengthData (/snap/code/46/usr/share/code/resources/app/extensions/typescript-language-features/dist/extension.js:45:60018)
	at Socket.<anonymous> (/snap/code/46/usr/share/code/resources/app/extensions/typescript-language-features/dist/extension.js:45:59666)
	at Socket.emit (events.js:223:5)
	at addChunk (_stream_readable.js:309:12)
	at readableAddChunk (_stream_readable.js:290:11)
	at Socket.Readable.push (_stream_readable.js:224:10)
	at Pipe.onStreamRead (internal/stream_base_commons.js:181:23)
[2020-10-07 01:13:34.555] [exthost] [error] [vscode.typescript-language-features] provider FAILED
[2020-10-07 01:13:34.556] [exthost] [error] Error: <semantic> TypeScript Server Error (4.0.2)
Debug Failure.
Error: Debug Failure.
    at getExportEqualsLocalSymbol (/snap/code/46/usr/share/code/resources/app/extensions/node_modules/typescript/lib/tsserver.js:118402:33)
    at getImport (/snap/code/46/usr/share/code/resources/app/extensions/node_modules/typescript/lib/tsserver.js:118373:38)
    at Object.getImportOrExportSymbol (/snap/code/46/usr/share/code/resources/app/extensions/node_modules/typescript/lib/tsserver.js:118286:68)
    at getImportOrExportReferences (/snap/code/46/usr/share/code/resources/app/extensions/node_modules/typescript/lib/tsserver.js:119801:56)
    at getReferencesAtLocation (/snap/code/46/usr/share/code/resources/app/extensions/node_modules/typescript/lib/tsserver.js:119731:17)
    at getReferencesInContainer (/snap/code/46/usr/share/code/resources/app/extensions/node_modules/typescript/lib/tsserver.js:119675:21)
    at getReferencesInContainerOrFiles (/snap/code/46/usr/share/code/resources/app/extensions/node_modules/typescript/lib/tsserver.js:119229:21)
    at getReferencedSymbolsForSymbol (/snap/code/46/usr/share/code/resources/app/extensions/node_modules/typescript/lib/tsserver.js:119220:21)
    at Object.getReferencedSymbolsForNode (/snap/code/46/usr/share/code/resources/app/extensions/node_modules/typescript/lib/tsserver.js:119017:34)
    at Object.getReferenceEntriesForNode (/snap/code/46/usr/share/code/resources/app/extensions/node_modules/typescript/lib/tsserver.js:118720:40)
    at getSemanticDocumentHighlights (/snap/code/46/usr/share/code/resources/app/extensions/node_modules/typescript/lib/tsserver.js:117358:57)
    at Object.getDocumentHighlights (/snap/code/46/usr/share/code/resources/app/extensions/node_modules/typescript/lib/tsserver.js:117346:20)
    at Proxy.getDocumentHighlights (/snap/code/46/usr/share/code/resources/app/extensions/node_modules/typescript/lib/tsserver.js:143578:42)
    at IOSession.Session.getDocumentHighlights (/snap/code/46/usr/share/code/resources/app/extensions/node_modules/typescript/lib/tsserver.js:153981:71)
    at Session.handlers.ts.Map.ts.getEntries._a.<computed> (/snap/code/46/usr/share/code/resources/app/extensions/node_modules/typescript/lib/tsserver.js:153311:61)
    at /snap/code/46/usr/share/code/resources/app/extensions/node_modules/typescript/lib/tsserver.js:154953:88
    at IOSession.Session.executeWithRequestId (/snap/code/46/usr/share/code/resources/app/extensions/node_modules/typescript/lib/tsserver.js:154944:28)
    at IOSession.Session.executeCommand (/snap/code/46/usr/share/code/resources/app/extensions/node_modules/typescript/lib/tsserver.js:154953:33)
    at IOSession.Session.onMessage (/snap/code/46/usr/share/code/resources/app/extensions/node_modules/typescript/lib/tsserver.js:154977:35)
    at Interface.<anonymous> (/snap/code/46/usr/share/code/resources/app/extensions/node_modules/typescript/lib/tsserver.js:157193:27)
    at Interface.emit (events.js:223:5)
    at Interface._onLine (readline.js:315:10)
    at Interface._normalWrite (readline.js:460:12)
    at Socket.ondata (readline.js:172:10)
    at Socket.emit (events.js:223:5)
    at addChunk (_stream_readable.js:309:12)
    at readableAddChunk (_stream_readable.js:290:11)
    at Socket.Readable.push (_stream_readable.js:224:10)
    at Pipe.onStreamRead (internal/stream_base_commons.js:181:23)
	at Function.create (/snap/code/46/usr/share/code/resources/app/extensions/typescript-language-features/dist/extension.js:1:76465)
	at h.dispatchResponse (/snap/code/46/usr/share/code/resources/app/extensions/typescript-language-features/dist/extension.js:1:70340)
	at h.dispatchMessage (/snap/code/46/usr/share/code/resources/app/extensions/typescript-language-features/dist/extension.js:1:69199)
	at /snap/code/46/usr/share/code/resources/app/extensions/typescript-language-features/dist/extension.js:1:68709
	at l.fire (/snap/code/46/usr/share/code/resources/app/out/vs/workbench/services/extensions/node/extensionHostProcess.js:46:475)
	at g.onLengthData (/snap/code/46/usr/share/code/resources/app/extensions/typescript-language-features/dist/extension.js:45:60018)
	at Socket.<anonymous> (/snap/code/46/usr/share/code/resources/app/extensions/typescript-language-features/dist/extension.js:45:59666)
	at Socket.emit (events.js:223:5)
	at addChunk (_stream_readable.js:309:12)
	at readableAddChunk (_stream_readable.js:290:11)
	at Socket.Readable.push (_stream_readable.js:224:10)
	at Pipe.onStreamRead (internal/stream_base_commons.js:181:23)
[2020-10-07 01:21:48.759] [exthost] [error] [vscode.typescript-language-features] provider FAILED
[2020-10-07 01:21:48.760] [exthost] [error] Error: DisposableStore is missing...
	at U._convertCompletionItem (/snap/code/46/usr/share/code/resources/app/out/vs/workbench/services/extensions/node/extensionHostProcess.js:725:365)
	at U.resolveCompletionItem (/snap/code/46/usr/share/code/resources/app/out/vs/workbench/services/extensions/node/extensionHostProcess.js:725:132)
	at runMicrotasks (<anonymous>)
	at processTicksAndRejections (internal/process/task_queues.js:94:5)
[2020-10-07 01:23:05.360] [exthost] [error] [vscode.typescript-language-features] provider FAILED
[2020-10-07 01:23:05.361] [exthost] [error] Error: <semantic> TypeScript Server Error (4.0.2)
Debug Failure.
Error: Debug Failure.
    at getExportEqualsLocalSymbol (/snap/code/46/usr/share/code/resources/app/extensions/node_modules/typescript/lib/tsserver.js:118402:33)
    at getImport (/snap/code/46/usr/share/code/resources/app/extensions/node_modules/typescript/lib/tsserver.js:118373:38)
    at Object.getImportOrExportSymbol (/snap/code/46/usr/share/code/resources/app/extensions/node_modules/typescript/lib/tsserver.js:118286:68)
    at getImportOrExportReferences (/snap/code/46/usr/share/code/resources/app/extensions/node_modules/typescript/lib/tsserver.js:119801:56)
    at getReferencesAtLocation (/snap/code/46/usr/share/code/resources/app/extensions/node_modules/typescript/lib/tsserver.js:119731:17)
    at getReferencesInContainer (/snap/code/46/usr/share/code/resources/app/extensions/node_modules/typescript/lib/tsserver.js:119675:21)
    at getReferencesInContainerOrFiles (/snap/code/46/usr/share/code/resources/app/extensions/node_modules/typescript/lib/tsserver.js:119229:21)
    at getReferencedSymbolsForSymbol (/snap/code/46/usr/share/code/resources/app/extensions/node_modules/typescript/lib/tsserver.js:119220:21)
    at Object.getReferencedSymbolsForNode (/snap/code/46/usr/share/code/resources/app/extensions/node_modules/typescript/lib/tsserver.js:119017:34)
    at Object.getReferenceEntriesForNode (/snap/code/46/usr/share/code/resources/app/extensions/node_modules/typescript/lib/tsserver.js:118720:40)
    at getSemanticDocumentHighlights (/snap/code/46/usr/share/code/resources/app/extensions/node_modules/typescript/lib/tsserver.js:117358:57)
    at Object.getDocumentHighlights (/snap/code/46/usr/share/code/resources/app/extensions/node_modules/typescript/lib/tsserver.js:117346:20)
    at Proxy.getDocumentHighlights (/snap/code/46/usr/share/code/resources/app/extensions/node_modules/typescript/lib/tsserver.js:143578:42)
    at IOSession.Session.getDocumentHighlights (/snap/code/46/usr/share/code/resources/app/extensions/node_modules/typescript/lib/tsserver.js:153981:71)
    at Session.handlers.ts.Map.ts.getEntries._a.<computed> (/snap/code/46/usr/share/code/resources/app/extensions/node_modules/typescript/lib/tsserver.js:153311:61)
    at /snap/code/46/usr/share/code/resources/app/extensions/node_modules/typescript/lib/tsserver.js:154953:88
    at IOSession.Session.executeWithRequestId (/snap/code/46/usr/share/code/resources/app/extensions/node_modules/typescript/lib/tsserver.js:154944:28)
    at IOSession.Session.executeCommand (/snap/code/46/usr/share/code/resources/app/extensions/node_modules/typescript/lib/tsserver.js:154953:33)
    at IOSession.Session.onMessage (/snap/code/46/usr/share/code/resources/app/extensions/node_modules/typescript/lib/tsserver.js:154977:35)
    at Interface.<anonymous> (/snap/code/46/usr/share/code/resources/app/extensions/node_modules/typescript/lib/tsserver.js:157193:27)
    at Interface.emit (events.js:223:5)
    at Interface._onLine (readline.js:315:10)
    at Interface._normalWrite (readline.js:460:12)
    at Socket.ondata (readline.js:172:10)
    at Socket.emit (events.js:223:5)
    at addChunk (_stream_readable.js:309:12)
    at readableAddChunk (_stream_readable.js:290:11)
    at Socket.Readable.push (_stream_readable.js:224:10)
    at Pipe.onStreamRead (internal/stream_base_commons.js:181:23)
	at Function.create (/snap/code/46/usr/share/code/resources/app/extensions/typescript-language-features/dist/extension.js:1:76465)
	at h.dispatchResponse (/snap/code/46/usr/share/code/resources/app/extensions/typescript-language-features/dist/extension.js:1:70340)
	at h.dispatchMessage (/snap/code/46/usr/share/code/resources/app/extensions/typescript-language-features/dist/extension.js:1:69199)
	at /snap/code/46/usr/share/code/resources/app/extensions/typescript-language-features/dist/extension.js:1:68709
	at l.fire (/snap/code/46/usr/share/code/resources/app/out/vs/workbench/services/extensions/node/extensionHostProcess.js:46:475)
	at g.onLengthData (/snap/code/46/usr/share/code/resources/app/extensions/typescript-language-features/dist/extension.js:45:60018)
	at Socket.<anonymous> (/snap/code/46/usr/share/code/resources/app/extensions/typescript-language-features/dist/extension.js:45:59666)
	at Socket.emit (events.js:223:5)
	at addChunk (_stream_readable.js:309:12)
	at readableAddChunk (_stream_readable.js:290:11)
	at Socket.Readable.push (_stream_readable.js:224:10)
	at Pipe.onStreamRead (internal/stream_base_commons.js:181:23)
[2020-10-07 01:41:17.034] [exthost] [error] [vscode.typescript-language-features] provider FAILED
[2020-10-07 01:41:17.035] [exthost] [error] Error: <semantic> TypeScript Server Error (4.0.2)
Debug Failure.
Error: Debug Failure.
    at getExportEqualsLocalSymbol (/snap/code/46/usr/share/code/resources/app/extensions/node_modules/typescript/lib/tsserver.js:118402:33)
    at getImport (/snap/code/46/usr/share/code/resources/app/extensions/node_modules/typescript/lib/tsserver.js:118373:38)
    at Object.getImportOrExportSymbol (/snap/code/46/usr/share/code/resources/app/extensions/node_modules/typescript/lib/tsserver.js:118286:68)
    at getImportOrExportReferences (/snap/code/46/usr/share/code/resources/app/extensions/node_modules/typescript/lib/tsserver.js:119801:56)
    at getReferencesAtLocation (/snap/code/46/usr/share/code/resources/app/extensions/node_modules/typescript/lib/tsserver.js:119731:17)
    at getReferencesInContainer (/snap/code/46/usr/share/code/resources/app/extensions/node_modules/typescript/lib/tsserver.js:119675:21)
    at getReferencesInContainerOrFiles (/snap/code/46/usr/share/code/resources/app/extensions/node_modules/typescript/lib/tsserver.js:119229:21)
    at getReferencedSymbolsForSymbol (/snap/code/46/usr/share/code/resources/app/extensions/node_modules/typescript/lib/tsserver.js:119220:21)
    at Object.getReferencedSymbolsForNode (/snap/code/46/usr/share/code/resources/app/extensions/node_modules/typescript/lib/tsserver.js:119017:34)
    at Object.getReferenceEntriesForNode (/snap/code/46/usr/share/code/resources/app/extensions/node_modules/typescript/lib/tsserver.js:118720:40)
    at getSemanticDocumentHighlights (/snap/code/46/usr/share/code/resources/app/extensions/node_modules/typescript/lib/tsserver.js:117358:57)
    at Object.getDocumentHighlights (/snap/code/46/usr/share/code/resources/app/extensions/node_modules/typescript/lib/tsserver.js:117346:20)
    at Proxy.getDocumentHighlights (/snap/code/46/usr/share/code/resources/app/extensions/node_modules/typescript/lib/tsserver.js:143578:42)
    at IOSession.Session.getDocumentHighlights (/snap/code/46/usr/share/code/resources/app/extensions/node_modules/typescript/lib/tsserver.js:153981:71)
    at Session.handlers.ts.Map.ts.getEntries._a.<computed> (/snap/code/46/usr/share/code/resources/app/extensions/node_modules/typescript/lib/tsserver.js:153311:61)
    at /snap/code/46/usr/share/code/resources/app/extensions/node_modules/typescript/lib/tsserver.js:154953:88
    at IOSession.Session.executeWithRequestId (/snap/code/46/usr/share/code/resources/app/extensions/node_modules/typescript/lib/tsserver.js:154944:28)
    at IOSession.Session.executeCommand (/snap/code/46/usr/share/code/resources/app/extensions/node_modules/typescript/lib/tsserver.js:154953:33)
    at IOSession.Session.onMessage (/snap/code/46/usr/share/code/resources/app/extensions/node_modules/typescript/lib/tsserver.js:154977:35)
    at Interface.<anonymous> (/snap/code/46/usr/share/code/resources/app/extensions/node_modules/typescript/lib/tsserver.js:157193:27)
    at Interface.emit (events.js:223:5)
    at Interface._onLine (readline.js:315:10)
    at Interface._normalWrite (readline.js:460:12)
    at Socket.ondata (readline.js:172:10)
    at Socket.emit (events.js:223:5)
    at addChunk (_stream_readable.js:309:12)
    at readableAddChunk (_stream_readable.js:290:11)
    at Socket.Readable.push (_stream_readable.js:224:10)
    at Pipe.onStreamRead (internal/stream_base_commons.js:181:23)
	at Function.create (/snap/code/46/usr/share/code/resources/app/extensions/typescript-language-features/dist/extension.js:1:76465)
	at h.dispatchResponse (/snap/code/46/usr/share/code/resources/app/extensions/typescript-language-features/dist/extension.js:1:70340)
	at h.dispatchMessage (/snap/code/46/usr/share/code/resources/app/extensions/typescript-language-features/dist/extension.js:1:69199)
	at /snap/code/46/usr/share/code/resources/app/extensions/typescript-language-features/dist/extension.js:1:68709
	at l.fire (/snap/code/46/usr/share/code/resources/app/out/vs/workbench/services/extensions/node/extensionHostProcess.js:46:475)
	at g.onLengthData (/snap/code/46/usr/share/code/resources/app/extensions/typescript-language-features/dist/extension.js:45:60018)
	at Socket.<anonymous> (/snap/code/46/usr/share/code/resources/app/extensions/typescript-language-features/dist/extension.js:45:59666)
	at Socket.emit (events.js:223:5)
	at addChunk (_stream_readable.js:309:12)
	at readableAddChunk (_stream_readable.js:290:11)
	at Socket.Readable.push (_stream_readable.js:224:10)
	at Pipe.onStreamRead (internal/stream_base_commons.js:181:23)
[2020-10-07 02:17:44.391] [exthost] [error] [vscode.typescript-language-features] provider FAILED
[2020-10-07 02:17:44.393] [exthost] [error] Error: <semantic> TypeScript Server Error (4.0.2)
Debug Failure.
Error: Debug Failure.
    at getExportEqualsLocalSymbol (/snap/code/46/usr/share/code/resources/app/extensions/node_modules/typescript/lib/tsserver.js:118402:33)
    at getImport (/snap/code/46/usr/share/code/resources/app/extensions/node_modules/typescript/lib/tsserver.js:118373:38)
    at Object.getImportOrExportSymbol (/snap/code/46/usr/share/code/resources/app/extensions/node_modules/typescript/lib/tsserver.js:118286:68)
    at getImportOrExportReferences (/snap/code/46/usr/share/code/resources/app/extensions/node_modules/typescript/lib/tsserver.js:119801:56)
    at getReferencesAtLocation (/snap/code/46/usr/share/code/resources/app/extensions/node_modules/typescript/lib/tsserver.js:119731:17)
    at getReferencesInContainer (/snap/code/46/usr/share/code/resources/app/extensions/node_modules/typescript/lib/tsserver.js:119675:21)
    at getReferencesInContainerOrFiles (/snap/code/46/usr/share/code/resources/app/extensions/node_modules/typescript/lib/tsserver.js:119229:21)
    at getReferencedSymbolsForSymbol (/snap/code/46/usr/share/code/resources/app/extensions/node_modules/typescript/lib/tsserver.js:119220:21)
    at Object.getReferencedSymbolsForNode (/snap/code/46/usr/share/code/resources/app/extensions/node_modules/typescript/lib/tsserver.js:119017:34)
    at Object.getReferenceEntriesForNode (/snap/code/46/usr/share/code/resources/app/extensions/node_modules/typescript/lib/tsserver.js:118720:40)
    at getSemanticDocumentHighlights (/snap/code/46/usr/share/code/resources/app/extensions/node_modules/typescript/lib/tsserver.js:117358:57)
    at Object.getDocumentHighlights (/snap/code/46/usr/share/code/resources/app/extensions/node_modules/typescript/lib/tsserver.js:117346:20)
    at Proxy.getDocumentHighlights (/snap/code/46/usr/share/code/resources/app/extensions/node_modules/typescript/lib/tsserver.js:143578:42)
    at IOSession.Session.getDocumentHighlights (/snap/code/46/usr/share/code/resources/app/extensions/node_modules/typescript/lib/tsserver.js:153981:71)
    at Session.handlers.ts.Map.ts.getEntries._a.<computed> (/snap/code/46/usr/share/code/resources/app/extensions/node_modules/typescript/lib/tsserver.js:153311:61)
    at /snap/code/46/usr/share/code/resources/app/extensions/node_modules/typescript/lib/tsserver.js:154953:88
    at IOSession.Session.executeWithRequestId (/snap/code/46/usr/share/code/resources/app/extensions/node_modules/typescript/lib/tsserver.js:154944:28)
    at IOSession.Session.executeCommand (/snap/code/46/usr/share/code/resources/app/extensions/node_modules/typescript/lib/tsserver.js:154953:33)
    at IOSession.Session.onMessage (/snap/code/46/usr/share/code/resources/app/extensions/node_modules/typescript/lib/tsserver.js:154977:35)
    at Interface.<anonymous> (/snap/code/46/usr/share/code/resources/app/extensions/node_modules/typescript/lib/tsserver.js:157193:27)
    at Interface.emit (events.js:223:5)
    at Interface._onLine (readline.js:315:10)
    at Interface._normalWrite (readline.js:460:12)
    at Socket.ondata (readline.js:172:10)
    at Socket.emit (events.js:223:5)
    at addChunk (_stream_readable.js:309:12)
    at readableAddChunk (_stream_readable.js:290:11)
    at Socket.Readable.push (_stream_readable.js:224:10)
    at Pipe.onStreamRead (internal/stream_base_commons.js:181:23)
	at Function.create (/snap/code/46/usr/share/code/resources/app/extensions/typescript-language-features/dist/extension.js:1:76465)
	at h.dispatchResponse (/snap/code/46/usr/share/code/resources/app/extensions/typescript-language-features/dist/extension.js:1:70340)
	at h.dispatchMessage (/snap/code/46/usr/share/code/resources/app/extensions/typescript-language-features/dist/extension.js:1:69199)
	at /snap/code/46/usr/share/code/resources/app/extensions/typescript-language-features/dist/extension.js:1:68709
	at l.fire (/snap/code/46/usr/share/code/resources/app/out/vs/workbench/services/extensions/node/extensionHostProcess.js:46:475)
	at g.onLengthData (/snap/code/46/usr/share/code/resources/app/extensions/typescript-language-features/dist/extension.js:45:60018)
	at Socket.<anonymous> (/snap/code/46/usr/share/code/resources/app/extensions/typescript-language-features/dist/extension.js:45:59666)
	at Socket.emit (events.js:223:5)
	at addChunk (_stream_readable.js:309:12)
	at readableAddChunk (_stream_readable.js:290:11)
	at Socket.Readable.push (_stream_readable.js:224:10)
	at Pipe.onStreamRead (internal/stream_base_commons.js:181:23)
[2020-10-07 02:40:04.588] [exthost] [error] [vscode.typescript-language-features] provider FAILED
[2020-10-07 02:40:04.589] [exthost] [error] Error: <semantic> TypeScript Server Error (4.0.2)
Debug Failure.
Error: Debug Failure.
    at getExportEqualsLocalSymbol (/snap/code/46/usr/share/code/resources/app/extensions/node_modules/typescript/lib/tsserver.js:118402:33)
    at getImport (/snap/code/46/usr/share/code/resources/app/extensions/node_modules/typescript/lib/tsserver.js:118373:38)
    at Object.getImportOrExportSymbol (/snap/code/46/usr/share/code/resources/app/extensions/node_modules/typescript/lib/tsserver.js:118286:68)
    at getImportOrExportReferences (/snap/code/46/usr/share/code/resources/app/extensions/node_modules/typescript/lib/tsserver.js:119801:56)
    at getReferencesAtLocation (/snap/code/46/usr/share/code/resources/app/extensions/node_modules/typescript/lib/tsserver.js:119731:17)
    at getReferencesInContainer (/snap/code/46/usr/share/code/resources/app/extensions/node_modules/typescript/lib/tsserver.js:119675:21)
    at getReferencesInContainerOrFiles (/snap/code/46/usr/share/code/resources/app/extensions/node_modules/typescript/lib/tsserver.js:119229:21)
    at getReferencedSymbolsForSymbol (/snap/code/46/usr/share/code/resources/app/extensions/node_modules/typescript/lib/tsserver.js:119220:21)
    at Object.getReferencedSymbolsForNode (/snap/code/46/usr/share/code/resources/app/extensions/node_modules/typescript/lib/tsserver.js:119017:34)
    at Object.getReferenceEntriesForNode (/snap/code/46/usr/share/code/resources/app/extensions/node_modules/typescript/lib/tsserver.js:118720:40)
    at getSemanticDocumentHighlights (/snap/code/46/usr/share/code/resources/app/extensions/node_modules/typescript/lib/tsserver.js:117358:57)
    at Object.getDocumentHighlights (/snap/code/46/usr/share/code/resources/app/extensions/node_modules/typescript/lib/tsserver.js:117346:20)
    at Proxy.getDocumentHighlights (/snap/code/46/usr/share/code/resources/app/extensions/node_modules/typescript/lib/tsserver.js:143578:42)
    at IOSession.Session.getDocumentHighlights (/snap/code/46/usr/share/code/resources/app/extensions/node_modules/typescript/lib/tsserver.js:153981:71)
    at Session.handlers.ts.Map.ts.getEntries._a.<computed> (/snap/code/46/usr/share/code/resources/app/extensions/node_modules/typescript/lib/tsserver.js:153311:61)
    at /snap/code/46/usr/share/code/resources/app/extensions/node_modules/typescript/lib/tsserver.js:154953:88
    at IOSession.Session.executeWithRequestId (/snap/code/46/usr/share/code/resources/app/extensions/node_modules/typescript/lib/tsserver.js:154944:28)
    at IOSession.Session.executeCommand (/snap/code/46/usr/share/code/resources/app/extensions/node_modules/typescript/lib/tsserver.js:154953:33)
    at IOSession.Session.onMessage (/snap/code/46/usr/share/code/resources/app/extensions/node_modules/typescript/lib/tsserver.js:154977:35)
    at Interface.<anonymous> (/snap/code/46/usr/share/code/resources/app/extensions/node_modules/typescript/lib/tsserver.js:157193:27)
    at Interface.emit (events.js:223:5)
    at Interface._onLine (readline.js:315:10)
    at Interface._normalWrite (readline.js:460:12)
    at Socket.ondata (readline.js:172:10)
    at Socket.emit (events.js:223:5)
    at addChunk (_stream_readable.js:309:12)
    at readableAddChunk (_stream_readable.js:290:11)
    at Socket.Readable.push (_stream_readable.js:224:10)
    at Pipe.onStreamRead (internal/stream_base_commons.js:181:23)
	at Function.create (/snap/code/46/usr/share/code/resources/app/extensions/typescript-language-features/dist/extension.js:1:76465)
	at h.dispatchResponse (/snap/code/46/usr/share/code/resources/app/extensions/typescript-language-features/dist/extension.js:1:70340)
	at h.dispatchMessage (/snap/code/46/usr/share/code/resources/app/extensions/typescript-language-features/dist/extension.js:1:69199)
	at /snap/code/46/usr/share/code/resources/app/extensions/typescript-language-features/dist/extension.js:1:68709
	at l.fire (/snap/code/46/usr/share/code/resources/app/out/vs/workbench/services/extensions/node/extensionHostProcess.js:46:475)
	at g.onLengthData (/snap/code/46/usr/share/code/resources/app/extensions/typescript-language-features/dist/extension.js:45:60018)
	at Socket.<anonymous> (/snap/code/46/usr/share/code/resources/app/extensions/typescript-language-features/dist/extension.js:45:59666)
	at Socket.emit (events.js:223:5)
	at addChunk (_stream_readable.js:309:12)
	at readableAddChunk (_stream_readable.js:290:11)
	at Socket.Readable.push (_stream_readable.js:224:10)
	at Pipe.onStreamRead (internal/stream_base_commons.js:181:23)
[2020-10-07 02:40:48.699] [exthost] [error] [vscode.typescript-language-features] provider FAILED
[2020-10-07 02:40:48.699] [exthost] [error] Error: <semantic> TypeScript Server Error (4.0.2)
Debug Failure.
Error: Debug Failure.
    at getExportEqualsLocalSymbol (/snap/code/46/usr/share/code/resources/app/extensions/node_modules/typescript/lib/tsserver.js:118402:33)
    at getImport (/snap/code/46/usr/share/code/resources/app/extensions/node_modules/typescript/lib/tsserver.js:118373:38)
    at Object.getImportOrExportSymbol (/snap/code/46/usr/share/code/resources/app/extensions/node_modules/typescript/lib/tsserver.js:118286:68)
    at getImportOrExportReferences (/snap/code/46/usr/share/code/resources/app/extensions/node_modules/typescript/lib/tsserver.js:119801:56)
    at getReferencesAtLocation (/snap/code/46/usr/share/code/resources/app/extensions/node_modules/typescript/lib/tsserver.js:119731:17)
    at getReferencesInContainer (/snap/code/46/usr/share/code/resources/app/extensions/node_modules/typescript/lib/tsserver.js:119675:21)
    at getReferencesInContainerOrFiles (/snap/code/46/usr/share/code/resources/app/extensions/node_modules/typescript/lib/tsserver.js:119229:21)
    at getReferencedSymbolsForSymbol (/snap/code/46/usr/share/code/resources/app/extensions/node_modules/typescript/lib/tsserver.js:119220:21)
    at Object.getReferencedSymbolsForNode (/snap/code/46/usr/share/code/resources/app/extensions/node_modules/typescript/lib/tsserver.js:119017:34)
    at Object.getReferenceEntriesForNode (/snap/code/46/usr/share/code/resources/app/extensions/node_modules/typescript/lib/tsserver.js:118720:40)
    at getSemanticDocumentHighlights (/snap/code/46/usr/share/code/resources/app/extensions/node_modules/typescript/lib/tsserver.js:117358:57)
    at Object.getDocumentHighlights (/snap/code/46/usr/share/code/resources/app/extensions/node_modules/typescript/lib/tsserver.js:117346:20)
    at Proxy.getDocumentHighlights (/snap/code/46/usr/share/code/resources/app/extensions/node_modules/typescript/lib/tsserver.js:143578:42)
    at IOSession.Session.getDocumentHighlights (/snap/code/46/usr/share/code/resources/app/extensions/node_modules/typescript/lib/tsserver.js:153981:71)
    at Session.handlers.ts.Map.ts.getEntries._a.<computed> (/snap/code/46/usr/share/code/resources/app/extensions/node_modules/typescript/lib/tsserver.js:153311:61)
    at /snap/code/46/usr/share/code/resources/app/extensions/node_modules/typescript/lib/tsserver.js:154953:88
    at IOSession.Session.executeWithRequestId (/snap/code/46/usr/share/code/resources/app/extensions/node_modules/typescript/lib/tsserver.js:154944:28)
    at IOSession.Session.executeCommand (/snap/code/46/usr/share/code/resources/app/extensions/node_modules/typescript/lib/tsserver.js:154953:33)
    at IOSession.Session.onMessage (/snap/code/46/usr/share/code/resources/app/extensions/node_modules/typescript/lib/tsserver.js:154977:35)
    at Interface.<anonymous> (/snap/code/46/usr/share/code/resources/app/extensions/node_modules/typescript/lib/tsserver.js:157193:27)
    at Interface.emit (events.js:223:5)
    at Interface._onLine (readline.js:315:10)
    at Interface._normalWrite (readline.js:460:12)
    at Socket.ondata (readline.js:172:10)
    at Socket.emit (events.js:223:5)
    at addChunk (_stream_readable.js:309:12)
    at readableAddChunk (_stream_readable.js:290:11)
    at Socket.Readable.push (_stream_readable.js:224:10)
    at Pipe.onStreamRead (internal/stream_base_commons.js:181:23)
	at Function.create (/snap/code/46/usr/share/code/resources/app/extensions/typescript-language-features/dist/extension.js:1:76465)
	at h.dispatchResponse (/snap/code/46/usr/share/code/resources/app/extensions/typescript-language-features/dist/extension.js:1:70340)
	at h.dispatchMessage (/snap/code/46/usr/share/code/resources/app/extensions/typescript-language-features/dist/extension.js:1:69199)
	at /snap/code/46/usr/share/code/resources/app/extensions/typescript-language-features/dist/extension.js:1:68709
	at l.fire (/snap/code/46/usr/share/code/resources/app/out/vs/workbench/services/extensions/node/extensionHostProcess.js:46:475)
	at g.onLengthData (/snap/code/46/usr/share/code/resources/app/extensions/typescript-language-features/dist/extension.js:45:60018)
	at Socket.<anonymous> (/snap/code/46/usr/share/code/resources/app/extensions/typescript-language-features/dist/extension.js:45:59666)
	at Socket.emit (events.js:223:5)
	at addChunk (_stream_readable.js:309:12)
	at readableAddChunk (_stream_readable.js:290:11)
	at Socket.Readable.push (_stream_readable.js:224:10)
	at Pipe.onStreamRead (internal/stream_base_commons.js:181:23)
[2020-10-07 02:41:52.178] [exthost] [error] [vscode.typescript-language-features] provider FAILED
[2020-10-07 02:41:52.178] [exthost] [error] Error: <semantic> TypeScript Server Error (4.0.2)
Debug Failure.
Error: Debug Failure.
    at getExportEqualsLocalSymbol (/snap/code/46/usr/share/code/resources/app/extensions/node_modules/typescript/lib/tsserver.js:118402:33)
    at getImport (/snap/code/46/usr/share/code/resources/app/extensions/node_modules/typescript/lib/tsserver.js:118373:38)
    at Object.getImportOrExportSymbol (/snap/code/46/usr/share/code/resources/app/extensions/node_modules/typescript/lib/tsserver.js:118286:68)
    at getImportOrExportReferences (/snap/code/46/usr/share/code/resources/app/extensions/node_modules/typescript/lib/tsserver.js:119801:56)
    at getReferencesAtLocation (/snap/code/46/usr/share/code/resources/app/extensions/node_modules/typescript/lib/tsserver.js:119731:17)
    at getReferencesInContainer (/snap/code/46/usr/share/code/resources/app/extensions/node_modules/typescript/lib/tsserver.js:119675:21)
    at getReferencesInContainerOrFiles (/snap/code/46/usr/share/code/resources/app/extensions/node_modules/typescript/lib/tsserver.js:119229:21)
    at getReferencedSymbolsForSymbol (/snap/code/46/usr/share/code/resources/app/extensions/node_modules/typescript/lib/tsserver.js:119220:21)
    at Object.getReferencedSymbolsForNode (/snap/code/46/usr/share/code/resources/app/extensions/node_modules/typescript/lib/tsserver.js:119017:34)
    at Object.getReferenceEntriesForNode (/snap/code/46/usr/share/code/resources/app/extensions/node_modules/typescript/lib/tsserver.js:118720:40)
    at getSemanticDocumentHighlights (/snap/code/46/usr/share/code/resources/app/extensions/node_modules/typescript/lib/tsserver.js:117358:57)
    at Object.getDocumentHighlights (/snap/code/46/usr/share/code/resources/app/extensions/node_modules/typescript/lib/tsserver.js:117346:20)
    at Proxy.getDocumentHighlights (/snap/code/46/usr/share/code/resources/app/extensions/node_modules/typescript/lib/tsserver.js:143578:42)
    at IOSession.Session.getDocumentHighlights (/snap/code/46/usr/share/code/resources/app/extensions/node_modules/typescript/lib/tsserver.js:153981:71)
    at Session.handlers.ts.Map.ts.getEntries._a.<computed> (/snap/code/46/usr/share/code/resources/app/extensions/node_modules/typescript/lib/tsserver.js:153311:61)
    at /snap/code/46/usr/share/code/resources/app/extensions/node_modules/typescript/lib/tsserver.js:154953:88
    at IOSession.Session.executeWithRequestId (/snap/code/46/usr/share/code/resources/app/extensions/node_modules/typescript/lib/tsserver.js:154944:28)
    at IOSession.Session.executeCommand (/snap/code/46/usr/share/code/resources/app/extensions/node_modules/typescript/lib/tsserver.js:154953:33)
    at IOSession.Session.onMessage (/snap/code/46/usr/share/code/resources/app/extensions/node_modules/typescript/lib/tsserver.js:154977:35)
    at Interface.<anonymous> (/snap/code/46/usr/share/code/resources/app/extensions/node_modules/typescript/lib/tsserver.js:157193:27)
    at Interface.emit (events.js:223:5)
    at Interface._onLine (readline.js:315:10)
    at Interface._normalWrite (readline.js:460:12)
    at Socket.ondata (readline.js:172:10)
    at Socket.emit (events.js:223:5)
    at addChunk (_stream_readable.js:309:12)
    at readableAddChunk (_stream_readable.js:290:11)
    at Socket.Readable.push (_stream_readable.js:224:10)
    at Pipe.onStreamRead (internal/stream_base_commons.js:181:23)
	at Function.create (/snap/code/46/usr/share/code/resources/app/extensions/typescript-language-features/dist/extension.js:1:76465)
	at h.dispatchResponse (/snap/code/46/usr/share/code/resources/app/extensions/typescript-language-features/dist/extension.js:1:70340)
	at h.dispatchMessage (/snap/code/46/usr/share/code/resources/app/extensions/typescript-language-features/dist/extension.js:1:69199)
	at /snap/code/46/usr/share/code/resources/app/extensions/typescript-language-features/dist/extension.js:1:68709
	at l.fire (/snap/code/46/usr/share/code/resources/app/out/vs/workbench/services/extensions/node/extensionHostProcess.js:46:475)
	at g.onLengthData (/snap/code/46/usr/share/code/resources/app/extensions/typescript-language-features/dist/extension.js:45:60018)
	at Socket.<anonymous> (/snap/code/46/usr/share/code/resources/app/extensions/typescript-language-features/dist/extension.js:45:59666)
	at Socket.emit (events.js:223:5)
	at addChunk (_stream_readable.js:309:12)
	at readableAddChunk (_stream_readable.js:290:11)
	at Socket.Readable.push (_stream_readable.js:224:10)
	at Pipe.onStreamRead (internal/stream_base_commons.js:181:23)
[2020-10-07 02:48:05.642] [exthost] [error] [vscode.typescript-language-features] provider FAILED
[2020-10-07 02:48:05.642] [exthost] [error] Error: <semantic> TypeScript Server Error (4.0.2)
Debug Failure.
Error: Debug Failure.
    at getExportEqualsLocalSymbol (/snap/code/46/usr/share/code/resources/app/extensions/node_modules/typescript/lib/tsserver.js:118402:33)
    at getImport (/snap/code/46/usr/share/code/resources/app/extensions/node_modules/typescript/lib/tsserver.js:118373:38)
    at Object.getImportOrExportSymbol (/snap/code/46/usr/share/code/resources/app/extensions/node_modules/typescript/lib/tsserver.js:118286:68)
    at getImportOrExportReferences (/snap/code/46/usr/share/code/resources/app/extensions/node_modules/typescript/lib/tsserver.js:119801:56)
    at getReferencesAtLocation (/snap/code/46/usr/share/code/resources/app/extensions/node_modules/typescript/lib/tsserver.js:119731:17)
    at getReferencesInContainer (/snap/code/46/usr/share/code/resources/app/extensions/node_modules/typescript/lib/tsserver.js:119675:21)
    at getReferencesInContainerOrFiles (/snap/code/46/usr/share/code/resources/app/extensions/node_modules/typescript/lib/tsserver.js:119229:21)
    at getReferencedSymbolsForSymbol (/snap/code/46/usr/share/code/resources/app/extensions/node_modules/typescript/lib/tsserver.js:119220:21)
    at Object.getReferencedSymbolsForNode (/snap/code/46/usr/share/code/resources/app/extensions/node_modules/typescript/lib/tsserver.js:119017:34)
    at Object.getReferenceEntriesForNode (/snap/code/46/usr/share/code/resources/app/extensions/node_modules/typescript/lib/tsserver.js:118720:40)
    at getSemanticDocumentHighlights (/snap/code/46/usr/share/code/resources/app/extensions/node_modules/typescript/lib/tsserver.js:117358:57)
    at Object.getDocumentHighlights (/snap/code/46/usr/share/code/resources/app/extensions/node_modules/typescript/lib/tsserver.js:117346:20)
    at Proxy.getDocumentHighlights (/snap/code/46/usr/share/code/resources/app/extensions/node_modules/typescript/lib/tsserver.js:143578:42)
    at IOSession.Session.getDocumentHighlights (/snap/code/46/usr/share/code/resources/app/extensions/node_modules/typescript/lib/tsserver.js:153981:71)
    at Session.handlers.ts.Map.ts.getEntries._a.<computed> (/snap/code/46/usr/share/code/resources/app/extensions/node_modules/typescript/lib/tsserver.js:153311:61)
    at /snap/code/46/usr/share/code/resources/app/extensions/node_modules/typescript/lib/tsserver.js:154953:88
    at IOSession.Session.executeWithRequestId (/snap/code/46/usr/share/code/resources/app/extensions/node_modules/typescript/lib/tsserver.js:154944:28)
    at IOSession.Session.executeCommand (/snap/code/46/usr/share/code/resources/app/extensions/node_modules/typescript/lib/tsserver.js:154953:33)
    at IOSession.Session.onMessage (/snap/code/46/usr/share/code/resources/app/extensions/node_modules/typescript/lib/tsserver.js:154977:35)
    at Interface.<anonymous> (/snap/code/46/usr/share/code/resources/app/extensions/node_modules/typescript/lib/tsserver.js:157193:27)
    at Interface.emit (events.js:223:5)
    at Interface._onLine (readline.js:315:10)
    at Interface._normalWrite (readline.js:460:12)
    at Socket.ondata (readline.js:172:10)
    at Socket.emit (events.js:223:5)
    at addChunk (_stream_readable.js:309:12)
    at readableAddChunk (_stream_readable.js:290:11)
    at Socket.Readable.push (_stream_readable.js:224:10)
    at Pipe.onStreamRead (internal/stream_base_commons.js:181:23)
	at Function.create (/snap/code/46/usr/share/code/resources/app/extensions/typescript-language-features/dist/extension.js:1:76465)
	at h.dispatchResponse (/snap/code/46/usr/share/code/resources/app/extensions/typescript-language-features/dist/extension.js:1:70340)
	at h.dispatchMessage (/snap/code/46/usr/share/code/resources/app/extensions/typescript-language-features/dist/extension.js:1:69199)
	at /snap/code/46/usr/share/code/resources/app/extensions/typescript-language-features/dist/extension.js:1:68709
	at l.fire (/snap/code/46/usr/share/code/resources/app/out/vs/workbench/services/extensions/node/extensionHostProcess.js:46:475)
	at g.onLengthData (/snap/code/46/usr/share/code/resources/app/extensions/typescript-language-features/dist/extension.js:45:60018)
	at Socket.<anonymous> (/snap/code/46/usr/share/code/resources/app/extensions/typescript-language-features/dist/extension.js:45:59666)
	at Socket.emit (events.js:223:5)
	at addChunk (_stream_readable.js:309:12)
	at readableAddChunk (_stream_readable.js:290:11)
	at Socket.Readable.push (_stream_readable.js:224:10)
	at Pipe.onStreamRead (internal/stream_base_commons.js:181:23)
[2020-10-07 02:58:24.123] [exthost] [error] [vscode.typescript-language-features] provider FAILED
[2020-10-07 02:58:24.124] [exthost] [error] Error: <semantic> TypeScript Server Error (4.0.2)
Debug Failure.
Error: Debug Failure.
    at getExportEqualsLocalSymbol (/snap/code/46/usr/share/code/resources/app/extensions/node_modules/typescript/lib/tsserver.js:118402:33)
    at getImport (/snap/code/46/usr/share/code/resources/app/extensions/node_modules/typescript/lib/tsserver.js:118373:38)
    at Object.getImportOrExportSymbol (/snap/code/46/usr/share/code/resources/app/extensions/node_modules/typescript/lib/tsserver.js:118286:68)
    at getImportOrExportReferences (/snap/code/46/usr/share/code/resources/app/extensions/node_modules/typescript/lib/tsserver.js:119801:56)
    at getReferencesAtLocation (/snap/code/46/usr/share/code/resources/app/extensions/node_modules/typescript/lib/tsserver.js:119731:17)
    at getReferencesInContainer (/snap/code/46/usr/share/code/resources/app/extensions/node_modules/typescript/lib/tsserver.js:119675:21)
    at getReferencesInContainerOrFiles (/snap/code/46/usr/share/code/resources/app/extensions/node_modules/typescript/lib/tsserver.js:119229:21)
    at getReferencedSymbolsForSymbol (/snap/code/46/usr/share/code/resources/app/extensions/node_modules/typescript/lib/tsserver.js:119220:21)
    at Object.getReferencedSymbolsForNode (/snap/code/46/usr/share/code/resources/app/extensions/node_modules/typescript/lib/tsserver.js:119017:34)
    at Object.getReferenceEntriesForNode (/snap/code/46/usr/share/code/resources/app/extensions/node_modules/typescript/lib/tsserver.js:118720:40)
    at getSemanticDocumentHighlights (/snap/code/46/usr/share/code/resources/app/extensions/node_modules/typescript/lib/tsserver.js:117358:57)
    at Object.getDocumentHighlights (/snap/code/46/usr/share/code/resources/app/extensions/node_modules/typescript/lib/tsserver.js:117346:20)
    at Proxy.getDocumentHighlights (/snap/code/46/usr/share/code/resources/app/extensions/node_modules/typescript/lib/tsserver.js:143578:42)
    at IOSession.Session.getDocumentHighlights (/snap/code/46/usr/share/code/resources/app/extensions/node_modules/typescript/lib/tsserver.js:153981:71)
    at Session.handlers.ts.Map.ts.getEntries._a.<computed> (/snap/code/46/usr/share/code/resources/app/extensions/node_modules/typescript/lib/tsserver.js:153311:61)
    at /snap/code/46/usr/share/code/resources/app/extensions/node_modules/typescript/lib/tsserver.js:154953:88
    at IOSession.Session.executeWithRequestId (/snap/code/46/usr/share/code/resources/app/extensions/node_modules/typescript/lib/tsserver.js:154944:28)
    at IOSession.Session.executeCommand (/snap/code/46/usr/share/code/resources/app/extensions/node_modules/typescript/lib/tsserver.js:154953:33)
    at IOSession.Session.onMessage (/snap/code/46/usr/share/code/resources/app/extensions/node_modules/typescript/lib/tsserver.js:154977:35)
    at Interface.<anonymous> (/snap/code/46/usr/share/code/resources/app/extensions/node_modules/typescript/lib/tsserver.js:157193:27)
    at Interface.emit (events.js:223:5)
    at Interface._onLine (readline.js:315:10)
    at Interface._normalWrite (readline.js:460:12)
    at Socket.ondata (readline.js:172:10)
    at Socket.emit (events.js:223:5)
    at addChunk (_stream_readable.js:309:12)
    at readableAddChunk (_stream_readable.js:290:11)
    at Socket.Readable.push (_stream_readable.js:224:10)
    at Pipe.onStreamRead (internal/stream_base_commons.js:181:23)
	at Function.create (/snap/code/46/usr/share/code/resources/app/extensions/typescript-language-features/dist/extension.js:1:76465)
	at h.dispatchResponse (/snap/code/46/usr/share/code/resources/app/extensions/typescript-language-features/dist/extension.js:1:70340)
	at h.dispatchMessage (/snap/code/46/usr/share/code/resources/app/extensions/typescript-language-features/dist/extension.js:1:69199)
	at /snap/code/46/usr/share/code/resources/app/extensions/typescript-language-features/dist/extension.js:1:68709
	at l.fire (/snap/code/46/usr/share/code/resources/app/out/vs/workbench/services/extensions/node/extensionHostProcess.js:46:475)
	at g.onLengthData (/snap/code/46/usr/share/code/resources/app/extensions/typescript-language-features/dist/extension.js:45:60018)
	at Socket.<anonymous> (/snap/code/46/usr/share/code/resources/app/extensions/typescript-language-features/dist/extension.js:45:59666)
	at Socket.emit (events.js:223:5)
	at addChunk (_stream_readable.js:309:12)
	at readableAddChunk (_stream_readable.js:290:11)
	at Socket.Readable.push (_stream_readable.js:224:10)
	at Pipe.onStreamRead (internal/stream_base_commons.js:181:23)
[2020-10-07 02:58:33.346] [exthost] [error] [vscode.typescript-language-features] provider FAILED
[2020-10-07 02:58:33.346] [exthost] [error] Error: <semantic> TypeScript Server Error (4.0.2)
Debug Failure.
Error: Debug Failure.
    at getExportEqualsLocalSymbol (/snap/code/46/usr/share/code/resources/app/extensions/node_modules/typescript/lib/tsserver.js:118402:33)
    at getImport (/snap/code/46/usr/share/code/resources/app/extensions/node_modules/typescript/lib/tsserver.js:118373:38)
    at Object.getImportOrExportSymbol (/snap/code/46/usr/share/code/resources/app/extensions/node_modules/typescript/lib/tsserver.js:118286:68)
    at getImportOrExportReferences (/snap/code/46/usr/share/code/resources/app/extensions/node_modules/typescript/lib/tsserver.js:119801:56)
    at getReferencesAtLocation (/snap/code/46/usr/share/code/resources/app/extensions/node_modules/typescript/lib/tsserver.js:119731:17)
    at getReferencesInContainer (/snap/code/46/usr/share/code/resources/app/extensions/node_modules/typescript/lib/tsserver.js:119675:21)
    at getReferencesInContainerOrFiles (/snap/code/46/usr/share/code/resources/app/extensions/node_modules/typescript/lib/tsserver.js:119229:21)
    at getReferencedSymbolsForSymbol (/snap/code/46/usr/share/code/resources/app/extensions/node_modules/typescript/lib/tsserver.js:119220:21)
    at Object.getReferencedSymbolsForNode (/snap/code/46/usr/share/code/resources/app/extensions/node_modules/typescript/lib/tsserver.js:119017:34)
    at Object.getReferenceEntriesForNode (/snap/code/46/usr/share/code/resources/app/extensions/node_modules/typescript/lib/tsserver.js:118720:40)
    at getSemanticDocumentHighlights (/snap/code/46/usr/share/code/resources/app/extensions/node_modules/typescript/lib/tsserver.js:117358:57)
    at Object.getDocumentHighlights (/snap/code/46/usr/share/code/resources/app/extensions/node_modules/typescript/lib/tsserver.js:117346:20)
    at Proxy.getDocumentHighlights (/snap/code/46/usr/share/code/resources/app/extensions/node_modules/typescript/lib/tsserver.js:143578:42)
    at IOSession.Session.getDocumentHighlights (/snap/code/46/usr/share/code/resources/app/extensions/node_modules/typescript/lib/tsserver.js:153981:71)
    at Session.handlers.ts.Map.ts.getEntries._a.<computed> (/snap/code/46/usr/share/code/resources/app/extensions/node_modules/typescript/lib/tsserver.js:153311:61)
    at /snap/code/46/usr/share/code/resources/app/extensions/node_modules/typescript/lib/tsserver.js:154953:88
    at IOSession.Session.executeWithRequestId (/snap/code/46/usr/share/code/resources/app/extensions/node_modules/typescript/lib/tsserver.js:154944:28)
    at IOSession.Session.executeCommand (/snap/code/46/usr/share/code/resources/app/extensions/node_modules/typescript/lib/tsserver.js:154953:33)
    at IOSession.Session.onMessage (/snap/code/46/usr/share/code/resources/app/extensions/node_modules/typescript/lib/tsserver.js:154977:35)
    at Interface.<anonymous> (/snap/code/46/usr/share/code/resources/app/extensions/node_modules/typescript/lib/tsserver.js:157193:27)
    at Interface.emit (events.js:223:5)
    at Interface._onLine (readline.js:315:10)
    at Interface._normalWrite (readline.js:460:12)
    at Socket.ondata (readline.js:172:10)
    at Socket.emit (events.js:223:5)
    at addChunk (_stream_readable.js:309:12)
    at readableAddChunk (_stream_readable.js:290:11)
    at Socket.Readable.push (_stream_readable.js:224:10)
    at Pipe.onStreamRead (internal/stream_base_commons.js:181:23)
	at Function.create (/snap/code/46/usr/share/code/resources/app/extensions/typescript-language-features/dist/extension.js:1:76465)
	at h.dispatchResponse (/snap/code/46/usr/share/code/resources/app/extensions/typescript-language-features/dist/extension.js:1:70340)
	at h.dispatchMessage (/snap/code/46/usr/share/code/resources/app/extensions/typescript-language-features/dist/extension.js:1:69199)
	at /snap/code/46/usr/share/code/resources/app/extensions/typescript-language-features/dist/extension.js:1:68709
	at l.fire (/snap/code/46/usr/share/code/resources/app/out/vs/workbench/services/extensions/node/extensionHostProcess.js:46:475)
	at g.onLengthData (/snap/code/46/usr/share/code/resources/app/extensions/typescript-language-features/dist/extension.js:45:60018)
	at Socket.<anonymous> (/snap/code/46/usr/share/code/resources/app/extensions/typescript-language-features/dist/extension.js:45:59666)
	at Socket.emit (events.js:223:5)
	at addChunk (_stream_readable.js:309:12)
	at readableAddChunk (_stream_readable.js:290:11)
	at Socket.Readable.push (_stream_readable.js:224:10)
	at Pipe.onStreamRead (internal/stream_base_commons.js:181:23)
[2020-10-07 03:00:20.863] [exthost] [error] [vscode.typescript-language-features] provider FAILED
[2020-10-07 03:00:20.863] [exthost] [error] Error: <semantic> TypeScript Server Error (4.0.2)
Debug Failure.
Error: Debug Failure.
    at getExportEqualsLocalSymbol (/snap/code/46/usr/share/code/resources/app/extensions/node_modules/typescript/lib/tsserver.js:118402:33)
    at getImport (/snap/code/46/usr/share/code/resources/app/extensions/node_modules/typescript/lib/tsserver.js:118373:38)
    at Object.getImportOrExportSymbol (/snap/code/46/usr/share/code/resources/app/extensions/node_modules/typescript/lib/tsserver.js:118286:68)
    at getImportOrExportReferences (/snap/code/46/usr/share/code/resources/app/extensions/node_modules/typescript/lib/tsserver.js:119801:56)
    at getReferencesAtLocation (/snap/code/46/usr/share/code/resources/app/extensions/node_modules/typescript/lib/tsserver.js:119731:17)
    at getReferencesInContainer (/snap/code/46/usr/share/code/resources/app/extensions/node_modules/typescript/lib/tsserver.js:119675:21)
    at getReferencesInContainerOrFiles (/snap/code/46/usr/share/code/resources/app/extensions/node_modules/typescript/lib/tsserver.js:119229:21)
    at getReferencedSymbolsForSymbol (/snap/code/46/usr/share/code/resources/app/extensions/node_modules/typescript/lib/tsserver.js:119220:21)
    at Object.getReferencedSymbolsForNode (/snap/code/46/usr/share/code/resources/app/extensions/node_modules/typescript/lib/tsserver.js:119017:34)
    at Object.getReferenceEntriesForNode (/snap/code/46/usr/share/code/resources/app/extensions/node_modules/typescript/lib/tsserver.js:118720:40)
    at getSemanticDocumentHighlights (/snap/code/46/usr/share/code/resources/app/extensions/node_modules/typescript/lib/tsserver.js:117358:57)
    at Object.getDocumentHighlights (/snap/code/46/usr/share/code/resources/app/extensions/node_modules/typescript/lib/tsserver.js:117346:20)
    at Proxy.getDocumentHighlights (/snap/code/46/usr/share/code/resources/app/extensions/node_modules/typescript/lib/tsserver.js:143578:42)
    at IOSession.Session.getDocumentHighlights (/snap/code/46/usr/share/code/resources/app/extensions/node_modules/typescript/lib/tsserver.js:153981:71)
    at Session.handlers.ts.Map.ts.getEntries._a.<computed> (/snap/code/46/usr/share/code/resources/app/extensions/node_modules/typescript/lib/tsserver.js:153311:61)
    at /snap/code/46/usr/share/code/resources/app/extensions/node_modules/typescript/lib/tsserver.js:154953:88
    at IOSession.Session.executeWithRequestId (/snap/code/46/usr/share/code/resources/app/extensions/node_modules/typescript/lib/tsserver.js:154944:28)
    at IOSession.Session.executeCommand (/snap/code/46/usr/share/code/resources/app/extensions/node_modules/typescript/lib/tsserver.js:154953:33)
    at IOSession.Session.onMessage (/snap/code/46/usr/share/code/resources/app/extensions/node_modules/typescript/lib/tsserver.js:154977:35)
    at Interface.<anonymous> (/snap/code/46/usr/share/code/resources/app/extensions/node_modules/typescript/lib/tsserver.js:157193:27)
    at Interface.emit (events.js:223:5)
    at Interface._onLine (readline.js:315:10)
    at Interface._normalWrite (readline.js:460:12)
    at Socket.ondata (readline.js:172:10)
    at Socket.emit (events.js:223:5)
    at addChunk (_stream_readable.js:309:12)
    at readableAddChunk (_stream_readable.js:290:11)
    at Socket.Readable.push (_stream_readable.js:224:10)
    at Pipe.onStreamRead (internal/stream_base_commons.js:181:23)
	at Function.create (/snap/code/46/usr/share/code/resources/app/extensions/typescript-language-features/dist/extension.js:1:76465)
	at h.dispatchResponse (/snap/code/46/usr/share/code/resources/app/extensions/typescript-language-features/dist/extension.js:1:70340)
	at h.dispatchMessage (/snap/code/46/usr/share/code/resources/app/extensions/typescript-language-features/dist/extension.js:1:69199)
	at /snap/code/46/usr/share/code/resources/app/extensions/typescript-language-features/dist/extension.js:1:68709
	at l.fire (/snap/code/46/usr/share/code/resources/app/out/vs/workbench/services/extensions/node/extensionHostProcess.js:46:475)
	at g.onLengthData (/snap/code/46/usr/share/code/resources/app/extensions/typescript-language-features/dist/extension.js:45:60018)
	at Socket.<anonymous> (/snap/code/46/usr/share/code/resources/app/extensions/typescript-language-features/dist/extension.js:45:59666)
	at Socket.emit (events.js:223:5)
	at addChunk (_stream_readable.js:309:12)
	at readableAddChunk (_stream_readable.js:290:11)
	at Socket.Readable.push (_stream_readable.js:224:10)
	at Pipe.onStreamRead (internal/stream_base_commons.js:181:23)
[2020-10-07 03:28:52.051] [exthost] [error] [vscode.typescript-language-features] provider FAILED
[2020-10-07 03:28:52.052] [exthost] [error] Error: <semantic> TypeScript Server Error (4.0.2)
Debug Failure.
Error: Debug Failure.
    at getExportEqualsLocalSymbol (/snap/code/46/usr/share/code/resources/app/extensions/node_modules/typescript/lib/tsserver.js:118402:33)
    at getImport (/snap/code/46/usr/share/code/resources/app/extensions/node_modules/typescript/lib/tsserver.js:118373:38)
    at Object.getImportOrExportSymbol (/snap/code/46/usr/share/code/resources/app/extensions/node_modules/typescript/lib/tsserver.js:118286:68)
    at getImportOrExportReferences (/snap/code/46/usr/share/code/resources/app/extensions/node_modules/typescript/lib/tsserver.js:119801:56)
    at getReferencesAtLocation (/snap/code/46/usr/share/code/resources/app/extensions/node_modules/typescript/lib/tsserver.js:119731:17)
    at getReferencesInContainer (/snap/code/46/usr/share/code/resources/app/extensions/node_modules/typescript/lib/tsserver.js:119675:21)
    at getReferencesInContainerOrFiles (/snap/code/46/usr/share/code/resources/app/extensions/node_modules/typescript/lib/tsserver.js:119229:21)
    at getReferencedSymbolsForSymbol (/snap/code/46/usr/share/code/resources/app/extensions/node_modules/typescript/lib/tsserver.js:119220:21)
    at Object.getReferencedSymbolsForNode (/snap/code/46/usr/share/code/resources/app/extensions/node_modules/typescript/lib/tsserver.js:119017:34)
    at Object.getReferenceEntriesForNode (/snap/code/46/usr/share/code/resources/app/extensions/node_modules/typescript/lib/tsserver.js:118720:40)
    at getSemanticDocumentHighlights (/snap/code/46/usr/share/code/resources/app/extensions/node_modules/typescript/lib/tsserver.js:117358:57)
    at Object.getDocumentHighlights (/snap/code/46/usr/share/code/resources/app/extensions/node_modules/typescript/lib/tsserver.js:117346:20)
    at Proxy.getDocumentHighlights (/snap/code/46/usr/share/code/resources/app/extensions/node_modules/typescript/lib/tsserver.js:143578:42)
    at IOSession.Session.getDocumentHighlights (/snap/code/46/usr/share/code/resources/app/extensions/node_modules/typescript/lib/tsserver.js:153981:71)
    at Session.handlers.ts.Map.ts.getEntries._a.<computed> (/snap/code/46/usr/share/code/resources/app/extensions/node_modules/typescript/lib/tsserver.js:153311:61)
    at /snap/code/46/usr/share/code/resources/app/extensions/node_modules/typescript/lib/tsserver.js:154953:88
    at IOSession.Session.executeWithRequestId (/snap/code/46/usr/share/code/resources/app/extensions/node_modules/typescript/lib/tsserver.js:154944:28)
    at IOSession.Session.executeCommand (/snap/code/46/usr/share/code/resources/app/extensions/node_modules/typescript/lib/tsserver.js:154953:33)
    at IOSession.Session.onMessage (/snap/code/46/usr/share/code/resources/app/extensions/node_modules/typescript/lib/tsserver.js:154977:35)
    at Interface.<anonymous> (/snap/code/46/usr/share/code/resources/app/extensions/node_modules/typescript/lib/tsserver.js:157193:27)
    at Interface.emit (events.js:223:5)
    at Interface._onLine (readline.js:315:10)
    at Interface._normalWrite (readline.js:460:12)
    at Socket.ondata (readline.js:172:10)
    at Socket.emit (events.js:223:5)
    at addChunk (_stream_readable.js:309:12)
    at readableAddChunk (_stream_readable.js:290:11)
    at Socket.Readable.push (_stream_readable.js:224:10)
    at Pipe.onStreamRead (internal/stream_base_commons.js:181:23)
	at Function.create (/snap/code/46/usr/share/code/resources/app/extensions/typescript-language-features/dist/extension.js:1:76465)
	at h.dispatchResponse (/snap/code/46/usr/share/code/resources/app/extensions/typescript-language-features/dist/extension.js:1:70340)
	at h.dispatchMessage (/snap/code/46/usr/share/code/resources/app/extensions/typescript-language-features/dist/extension.js:1:69199)
	at /snap/code/46/usr/share/code/resources/app/extensions/typescript-language-features/dist/extension.js:1:68709
	at l.fire (/snap/code/46/usr/share/code/resources/app/out/vs/workbench/services/extensions/node/extensionHostProcess.js:46:475)
	at g.onLengthData (/snap/code/46/usr/share/code/resources/app/extensions/typescript-language-features/dist/extension.js:45:60018)
	at Socket.<anonymous> (/snap/code/46/usr/share/code/resources/app/extensions/typescript-language-features/dist/extension.js:45:59666)
	at Socket.emit (events.js:223:5)
	at addChunk (_stream_readable.js:309:12)
	at readableAddChunk (_stream_readable.js:290:11)
	at Socket.Readable.push (_stream_readable.js:224:10)
	at Pipe.onStreamRead (internal/stream_base_commons.js:181:23)
